rc/pages/ClientDetail.tsx:61:5 - error TS2769: No overload matches this call.
  Overload 1 of 3, '(options: DefinedInitialDataOptions<PaginatedResponse<{ id: string; projectId: string; clientId: string; format: "txt" | "docx"; path: string; createdAt: string; status: "draft" | "ready" | "delivered"; deliveredAt?: string | undefined; proofUrl?: string | undefined; proofNotes?: string | undefined; runId?: string | undefined; checksum?: string | undefined; }>, Error, PaginatedResponse<...>, readonly unknown[]>, queryClient?: QueryClient | undefined): DefinedUseQueryResult<...>', gave the following error.
    Type '() => Promise<{ id: string; projectId: string; clientId: string; format: "txt" | "docx"; path: string; createdAt: string; status: "draft" | "ready" | "delivered"; deliveredAt?: string | undefined; proofUrl?: string | undefined; proofNotes?: string | undefined; runId?: string | undefined; checksum?: string | undefine...' is not assignable to type 'QueryFunction<PaginatedResponse<{ id: string; projectId: string; clientId: string; format: "txt" | "docx"; path: string; createdAt: string; status: "draft" | "ready" | "delivered"; deliveredAt?: string | undefined; proofUrl?: string | undefined; proofNotes?: string | undefined; runId?: string | undefined; checksum?:...'.
      Type 'Promise<{ id: string; projectId: string; clientId: string; format: "txt" | "docx"; path: string; createdAt: string; status: "draft" | "ready" | "delivered"; deliveredAt?: string | undefined; proofUrl?: string | undefined; proofNotes?: string | undefined; runId?: string | undefined; checksum?: string | undefined; }[]>' is not assignable to type 'PaginatedResponse<{ id: string; projectId: string; clientId: string; format: "txt" | "docx"; path: string; createdAt: string; status: "draft" | "ready" | "delivered"; deliveredAt?: string | undefined; proofUrl?: string | undefined; proofNotes?: string | undefined; runId?: string | undefined; checksum?: string | unde...'.
        Type 'Promise<{ id: string; projectId: string; clientId: string; format: "txt" | "docx"; path: string; createdAt: string; status: "draft" | "ready" | "delivered"; deliveredAt?: string | undefined; proofUrl?: string | undefined; proofNotes?: string | undefined; runId?: string | undefined; checksum?: string | undefined; }[]>' is not assignable to type 'Promise<PaginatedResponse<{ id: string; projectId: string; clientId: string; format: "txt" | "docx"; path: string; createdAt: string; status: "draft" | "ready" | "delivered"; deliveredAt?: string | undefined; proofUrl?: string | undefined; proofNotes?: string | undefined; runId?: string | undefined; checksum?: strin...'.
          Type '{ id: string; projectId: string; clientId: string; format: "txt" | "docx"; path: string; createdAt: string; status: "draft" | "ready" | "delivered"; deliveredAt?: string | undefined; proofUrl?: string | undefined; proofNotes?: string | undefined; runId?: string | undefined; checksum?: string | undefined; }[]' is missing the following properties from type 'PaginatedResponse<{ id: string; projectId: string; clientId: string; format: "txt" | "docx"; path: string; createdAt: string; status: "draft" | "ready" | "delivered"; deliveredAt?: string | undefined; proofUrl?: string | undefined; proofNotes?: string | undefined; runId?: string | undefined; checksum?: string | unde...': items, metadata
  Overload 2 of 3, '(options: UndefinedInitialDataOptions<PaginatedResponse<{ id: string; projectId: string; clientId: string; format: "txt" | "docx"; path: string; createdAt: string; status: "draft" | "ready" | "delivered"; deliveredAt?: string | undefined; proofUrl?: string | undefined; proofNotes?: string | undefined; runId?: string | undefined; checksum?: string | undefined; }>, Error, PaginatedResponse<...>, readonly unknown[]>, queryClient?: QueryClient | undefined): UseQueryResult<...>', gave the following error.
    Type '() => Promise<{ id: string; projectId: string; clientId: string; format: "txt" | "docx"; path: string; createdAt: string; status: "draft" | "ready" | "delivered"; deliveredAt?: string | undefined; proofUrl?: string | undefined; proofNotes?: string | undefined; runId?: string | undefined; checksum?: string | undefine...' is not assignable to type 'unique symbol | QueryFunction<PaginatedResponse<{ id: string; projectId: string; clientId: string; format: "txt" | "docx"; path: string; createdAt: string; status: "draft" | "ready" | "delivered"; deliveredAt?: string | undefined; proofUrl?: string | undefined; proofNotes?: string | undefined; runId?: string | undef...'.
      Type '() => Promise<{ id: string; projectId: string; clientId: string; format: "txt" | "docx"; path: string; createdAt: string; status: "draft" | "ready" | "delivered"; deliveredAt?: string | undefined; proofUrl?: string | undefined; proofNotes?: string | undefined; runId?: string | undefined; checksum?: string | undefine...' is not assignable to type 'QueryFunction<PaginatedResponse<{ id: string; projectId: string; clientId: string; format: "txt" | "docx"; path: string; createdAt: string; status: "draft" | "ready" | "delivered"; deliveredAt?: string | undefined; proofUrl?: string | undefined; proofNotes?: string | undefined; runId?: string | undefined; checksum?:...'.
        Type 'Promise<{ id: string; projectId: string; clientId: string; format: "txt" | "docx"; path: string; createdAt: string; status: "draft" | "ready" | "delivered"; deliveredAt?: string | undefined; proofUrl?: string | undefined; proofNotes?: string | undefined; runId?: string | undefined; checksum?: string | undefined; }[]>' is not assignable to type 'PaginatedResponse<{ id: string; projectId: string; clientId: string; format: "txt" | "docx"; path: string; createdAt: string; status: "draft" | "ready" | "delivered"; deliveredAt?: string | undefined; proofUrl?: string | undefined; proofNotes?: string | undefined; runId?: string | undefined; checksum?: string | unde...'.
          Type 'Promise<{ id: string; projectId: string; clientId: string; format: "txt" | "docx"; path: string; createdAt: string; status: "draft" | "ready" | "delivered"; deliveredAt?: string | undefined; proofUrl?: string | undefined; proofNotes?: string | undefined; runId?: string | undefined; checksum?: string | undefined; }[]>' is not assignable to type 'Promise<PaginatedResponse<{ id: string; projectId: string; clientId: string; format: "txt" | "docx"; path: string; createdAt: string; status: "draft" | "ready" | "delivered"; deliveredAt?: string | undefined; proofUrl?: string | undefined; proofNotes?: string | undefined; runId?: string | undefined; checksum?: strin...'.
            Type '{ id: string; projectId: string; clientId: string; format: "txt" | "docx"; path: string; createdAt: string; status: "draft" | "ready" | "delivered"; deliveredAt?: string | undefined; proofUrl?: string | undefined; proofNotes?: string | undefined; runId?: string | undefined; checksum?: string | undefined; }[]' is missing the following properties from type 'PaginatedResponse<{ id: string; projectId: string; clientId: string; format: "txt" | "docx"; path: string; createdAt: string; status: "draft" | "ready" | "delivered"; deliveredAt?: string | undefined; proofUrl?: string | undefined; proofNotes?: string | undefined; runId?: string | undefined; checksum?: string | unde...': items, metadata
  Overload 3 of 3, '(options: UseQueryOptions<PaginatedResponse<{ id: string; projectId: string; clientId: string; format: "txt" | "docx"; path: string; createdAt: string; status: "draft" | "ready" | "delivered"; deliveredAt?: string | undefined; proofUrl?: string | undefined; proofNotes?: string | undefined; runId?: string | undefined; checksum?: string | undefined; }>, Error, PaginatedResponse<...>, readonly unknown[]>, queryClient?: QueryClient | undefined): UseQueryResult<...>', gave the following error.
    Type '() => Promise<{ id: string; projectId: string; clientId: string; format: "txt" | "docx"; path: string; createdAt: string; status: "draft" | "ready" | "delivered"; deliveredAt?: string | undefined; proofUrl?: string | undefined; proofNotes?: string | undefined; runId?: string | undefined; checksum?: string | undefine...' is not assignable to type 'unique symbol | QueryFunction<PaginatedResponse<{ id: string; projectId: string; clientId: string; format: "txt" | "docx"; path: string; createdAt: string; status: "draft" | "ready" | "delivered"; deliveredAt?: string | undefined; proofUrl?: string | undefined; proofNotes?: string | undefined; runId?: string | undef...'.
      Type '() => Promise<{ id: string; projectId: string; clientId: string; format: "txt" | "docx"; path: string; createdAt: string; status: "draft" | "ready" | "delivered"; deliveredAt?: string | undefined; proofUrl?: string | undefined; proofNotes?: string | undefined; runId?: string | undefined; checksum?: string | undefine...' is not assignable to type 'QueryFunction<PaginatedResponse<{ id: string; projectId: string; clientId: string; format: "txt" | "docx"; path: string; createdAt: string; status: "draft" | "ready" | "delivered"; deliveredAt?: string | undefined; proofUrl?: string | undefined; proofNotes?: string | undefined; runId?: string | undefined; checksum?:...'.
        Type 'Promise<{ id: string; projectId: string; clientId: string; format: "txt" | "docx"; path: string; createdAt: string; status: "draft" | "ready" | "delivered"; deliveredAt?: string | undefined; proofUrl?: string | undefined; proofNotes?: string | undefined; runId?: string | undefined; checksum?: string | undefined; }[]>' is not assignable to type 'PaginatedResponse<{ id: string; projectId: string; clientId: string; format: "txt" | "docx"; path: string; createdAt: string; status: "draft" | "ready" | "delivered"; deliveredAt?: string | undefined; proofUrl?: string | undefined; proofNotes?: string | undefined; runId?: string | undefined; checksum?: string | unde...'.
          Type 'Promise<{ id: string; projectId: string; clientId: string; format: "txt" | "docx"; path: string; createdAt: string; status: "draft" | "ready" | "delivered"; deliveredAt?: string | undefined; proofUrl?: string | undefined; proofNotes?: string | undefined; runId?: string | undefined; checksum?: string | undefined; }[]>' is not assignable to type 'Promise<PaginatedResponse<{ id: string; projectId: string; clientId: string; format: "txt" | "docx"; path: string; createdAt: string; status: "draft" | "ready" | "delivered"; deliveredAt?: string | undefined; proofUrl?: string | undefined; proofNotes?: string | undefined; runId?: string | undefined; checksum?: strin...'.
            Type '{ id: string; projectId: string; clientId: string; format: "txt" | "docx"; path: string; createdAt: string; status: "draft" | "ready" | "delivered"; deliveredAt?: string | undefined; proofUrl?: string | undefined; proofNotes?: string | undefined; runId?: string | undefined; checksum?: string | undefined; }[]' is missing the following properties from type 'PaginatedResponse<{ id: string; projectId: string; clientId: string; format: "txt" | "docx"; path: string; createdAt: string; status: "draft" | "ready" | "delivered"; deliveredAt?: string | undefined; proofUrl?: string | undefined; proofNotes?: string | undefined; runId?: string | undefined; checksum?: string | unde...': items, metadata

61     queryFn: () => deliverablesApi.list(),
       ~~~~~~~

  node_modules/@tanstack/react-query/build/modern/queryOptions.d.ts:12:5
    12     queryFn?: QueryFunction<TQueryFnData, TQueryKey>;
           ~~~~~~~
    The expected type comes from property 'queryFn' which is declared here on type 'DefinedInitialDataOptions<PaginatedResponse<{ id: string; projectId: string; clientId: string; format: "txt" | "docx"; path: string; createdAt: string; status: "draft" | "ready" | "delivered"; deliveredAt?: string | undefined; proofUrl?: string | undefined; proofNotes?: string | undefined; runId?: string | undefined...'
  node_modules/@tanstack/query-core/build/modern/hydration-DksKBgQq.d.ts:614:5
    614     queryFn?: QueryFunction<TQueryFnData, TQueryKey, TPageParam> | SkipToken;
            ~~~~~~~
    The expected type comes from property 'queryFn' which is declared here on type 'UndefinedInitialDataOptions<PaginatedResponse<{ id: string; projectId: string; clientId: string; format: "txt" | "docx"; path: string; createdAt: string; status: "draft" | "ready" | "delivered"; deliveredAt?: string | undefined; proofUrl?: string | undefined; proofNotes?: string | undefined; runId?: string | undefin...'
  node_modules/@tanstack/query-core/build/modern/hydration-DksKBgQq.d.ts:614:5
    614     queryFn?: QueryFunction<TQueryFnData, TQueryKey, TPageParam> | SkipToken;
            ~~~~~~~
    The expected type comes from property 'queryFn' which is declared here on type 'UseQueryOptions<PaginatedResponse<{ id: string; projectId: string; clientId: string; format: "txt" | "docx"; path: string; createdAt: string; status: "draft" | "ready" | "delivered"; deliveredAt?: string | undefined; proofUrl?: string | undefined; proofNotes?: string | undefined; runId?: string | undefined; checksum...'

src/pages/ClientDetail.tsx:66:61 - error TS2339: Property 'items' does not exist on type 'NonNullable<NoInfer<TQueryFnData>>'.

66   const deliverables: Deliverable[] = deliverablesResponse?.items ?? [];
                                                               ~~~~~

src/pages/ClientDetail.tsx:480:48 - error TS2769: No overload matches this call.
  Overload 1 of 4, '(value: string | number | Date): Date', gave the following error.
    Argument of type 'string | undefined' is not assignable to parameter of type 'string | number | Date'.
      Type 'undefined' is not assignable to type 'string | number | Date'.
  Overload 2 of 4, '(value: string | number): Date', gave the following error.
    Argument of type 'string | undefined' is not assignable to parameter of type 'string | number'.
      Type 'undefined' is not assignable to type 'string | number'.

480                               {format(new Date(project.createdAt), 'MMM d, yyyy')}
                                                   ~~~~~~~~~~~~~~~~~


src/pages/ClientDetail.tsx:541:70 - error TS2339: Property 'wordCount' does not exist on type '{ id: string; projectId: string; runId: string; content: string; length?: number | undefined; readabilityScore?: number | undefined; hasCta?: boolean | undefined; platform?: "linkedin" | ... 4 more ... | undefined; status?: "pending" | ... 3 more ... | undefined; flags?: string[] | undefined; notes?: string | undefi...'.

541                       <span className="text-xs text-slate-500">{post.wordCount} words</span>
                                                                         ~~~~~~~~~

src/pages/ContentReview.tsx:94:9 - error TS2322: Type '{ projectName: string | undefined; clientName: string | undefined; qualityScore: number; status: string; id: string; projectId: string; runId: string; content: string; length?: number | undefined; ... 4 more ...; notes?: string | undefined; }[]' is not assignable to type 'PostWithContext[]'.
  Property 'wordCount' is missing in type '{ projectName: string | undefined; clientName: string | undefined; qualityScore: number; status: string; id: string; projectId: string; runId: string; content: string; length?: number | undefined; ... 4 more ...; notes?: string | undefined; }' but required in type 'PostWithContext'.

94   const postsWithContext: PostWithContext[] = useMemo(() => {
           ~~~~~~~~~~~~~~~~

  src/pages/ContentReview.tsx:40:3
    40   wordCount: number;
         ~~~~~~~~~
    'wordCount' is declared here.

src/pages/Overview.tsx:76:9 - error TS2451: Cannot redeclare block-scoped variable 'projects'.

76   const projects = projectsResponse?.items ?? [];
           ~~~~~~~~

src/pages/Overview.tsx:80:5 - error TS2769: No overload matches this call.
  Overload 1 of 3, '(options: DefinedInitialDataOptions<PaginatedResponse<{ id: string; projectId: string; clientId: string; format: "txt" | "docx"; path: string; createdAt: string; status: "draft" | "ready" | "delivered"; deliveredAt?: string | undefined; proofUrl?: string | undefined; proofNotes?: string | undefined; runId?: string | undefined; checksum?: string | undefined; }>, Error, PaginatedResponse<...>, readonly unknown[]>, queryClient?: QueryClient | undefined): DefinedUseQueryResult<...>', gave the following error.
    Type '() => Promise<{ id: string; projectId: string; clientId: string; format: "txt" | "docx"; path: string; createdAt: string; status: "draft" | "ready" | "delivered"; deliveredAt?: string | undefined; proofUrl?: string | undefined; proofNotes?: string | undefined; runId?: string | undefined; checksum?: string | undefine...' is not assignable to type 'QueryFunction<PaginatedResponse<{ id: string; projectId: string; clientId: string; format: "txt" | "docx"; path: string; createdAt: string; status: "draft" | "ready" | "delivered"; deliveredAt?: string | undefined; proofUrl?: string | undefined; proofNotes?: string | undefined; runId?: string | undefined; checksum?:...'.
      Type 'Promise<{ id: string; projectId: string; clientId: string; format: "txt" | "docx"; path: string; createdAt: string; status: "draft" | "ready" | "delivered"; deliveredAt?: string | undefined; proofUrl?: string | undefined; proofNotes?: string | undefined; runId?: string | undefined; checksum?: string | undefined; }[]>' is not assignable to type 'PaginatedResponse<{ id: string; projectId: string; clientId: string; format: "txt" | "docx"; path: string; createdAt: string; status: "draft" | "ready" | "delivered"; deliveredAt?: string | undefined; proofUrl?: string | undefined; proofNotes?: string | undefined; runId?: string | undefined; checksum?: string | unde...'.
        Type 'Promise<{ id: string; projectId: string; clientId: string; format: "txt" | "docx"; path: string; createdAt: string; status: "draft" | "ready" | "delivered"; deliveredAt?: string | undefined; proofUrl?: string | undefined; proofNotes?: string | undefined; runId?: string | undefined; checksum?: string | undefined; }[]>' is not assignable to type 'Promise<PaginatedResponse<{ id: string; projectId: string; clientId: string; format: "txt" | "docx"; path: string; createdAt: string; status: "draft" | "ready" | "delivered"; deliveredAt?: string | undefined; proofUrl?: string | undefined; proofNotes?: string | undefined; runId?: string | undefined; checksum?: strin...'.
          Type '{ id: string; projectId: string; clientId: string; format: "txt" | "docx"; path: string; createdAt: string; status: "draft" | "ready" | "delivered"; deliveredAt?: string | undefined; proofUrl?: string | undefined; proofNotes?: string | undefined; runId?: string | undefined; checksum?: string | undefined; }[]' is missing the following properties from type 'PaginatedResponse<{ id: string; projectId: string; clientId: string; format: "txt" | "docx"; path: string; createdAt: string; status: "draft" | "ready" | "delivered"; deliveredAt?: string | undefined; proofUrl?: string | undefined; proofNotes?: string | undefined; runId?: string | undefined; checksum?: string | unde...': items, metadata
  Overload 2 of 3, '(options: UndefinedInitialDataOptions<PaginatedResponse<{ id: string; projectId: string; clientId: string; format: "txt" | "docx"; path: string; createdAt: string; status: "draft" | "ready" | "delivered"; deliveredAt?: string | undefined; proofUrl?: string | undefined; proofNotes?: string | undefined; runId?: string | undefined; checksum?: string | undefined; }>, Error, PaginatedResponse<...>, readonly unknown[]>, queryClient?: QueryClient | undefined): UseQueryResult<...>', gave the following error.
    Type '() => Promise<{ id: string; projectId: string; clientId: string; format: "txt" | "docx"; path: string; createdAt: string; status: "draft" | "ready" | "delivered"; deliveredAt?: string | undefined; proofUrl?: string | undefined; proofNotes?: string | undefined; runId?: string | undefined; checksum?: string | undefine...' is not assignable to type 'unique symbol | QueryFunction<PaginatedResponse<{ id: string; projectId: string; clientId: string; format: "txt" | "docx"; path: string; createdAt: string; status: "draft" | "ready" | "delivered"; deliveredAt?: string | undefined; proofUrl?: string | undefined; proofNotes?: string | undefined; runId?: string | undef...'.
      Type '() => Promise<{ id: string; projectId: string; clientId: string; format: "txt" | "docx"; path: string; createdAt: string; status: "draft" | "ready" | "delivered"; deliveredAt?: string | undefined; proofUrl?: string | undefined; proofNotes?: string | undefined; runId?: string | undefined; checksum?: string | undefine...' is not assignable to type 'QueryFunction<PaginatedResponse<{ id: string; projectId: string; clientId: string; format: "txt" | "docx"; path: string; createdAt: string; status: "draft" | "ready" | "delivered"; deliveredAt?: string | undefined; proofUrl?: string | undefined; proofNotes?: string | undefined; runId?: string | undefined; checksum?:...'.
        Type 'Promise<{ id: string; projectId: string; clientId: string; format: "txt" | "docx"; path: string; createdAt: string; status: "draft" | "ready" | "delivered"; deliveredAt?: string | undefined; proofUrl?: string | undefined; proofNotes?: string | undefined; runId?: string | undefined; checksum?: string | undefined; }[]>' is not assignable to type 'PaginatedResponse<{ id: string; projectId: string; clientId: string; format: "txt" | "docx"; path: string; createdAt: string; status: "draft" | "ready" | "delivered"; deliveredAt?: string | undefined; proofUrl?: string | undefined; proofNotes?: string | undefined; runId?: string | undefined; checksum?: string | unde...'.
          Type 'Promise<{ id: string; projectId: string; clientId: string; format: "txt" | "docx"; path: string; createdAt: string; status: "draft" | "ready" | "delivered"; deliveredAt?: string | undefined; proofUrl?: string | undefined; proofNotes?: string | undefined; runId?: string | undefined; checksum?: string | undefined; }[]>' is not assignable to type 'Promise<PaginatedResponse<{ id: string; projectId: string; clientId: string; format: "txt" | "docx"; path: string; createdAt: string; status: "draft" | "ready" | "delivered"; deliveredAt?: string | undefined; proofUrl?: string | undefined; proofNotes?: string | undefined; runId?: string | undefined; checksum?: strin...'.
            Type '{ id: string; projectId: string; clientId: string; format: "txt" | "docx"; path: string; createdAt: string; status: "draft" | "ready" | "delivered"; deliveredAt?: string | undefined; proofUrl?: string | undefined; proofNotes?: string | undefined; runId?: string | undefined; checksum?: string | undefined; }[]' is missing the following properties from type 'PaginatedResponse<{ id: string; projectId: string; clientId: string; format: "txt" | "docx"; path: string; createdAt: string; status: "draft" | "ready" | "delivered"; deliveredAt?: string | undefined; proofUrl?: string | undefined; proofNotes?: string | undefined; runId?: string | undefined; checksum?: string | unde...': items, metadata
  Overload 3 of 3, '(options: UseQueryOptions<PaginatedResponse<{ id: string; projectId: string; clientId: string; format: "txt" | "docx"; path: string; createdAt: string; status: "draft" | "ready" | "delivered"; deliveredAt?: string | undefined; proofUrl?: string | undefined; proofNotes?: string | undefined; runId?: string | undefined; checksum?: string | undefined; }>, Error, PaginatedResponse<...>, readonly unknown[]>, queryClient?: QueryClient | undefined): UseQueryResult<...>', gave the following error.
    Type '() => Promise<{ id: string; projectId: string; clientId: string; format: "txt" | "docx"; path: string; createdAt: string; status: "draft" | "ready" | "delivered"; deliveredAt?: string | undefined; proofUrl?: string | undefined; proofNotes?: string | undefined; runId?: string | undefined; checksum?: string | undefine...' is not assignable to type 'unique symbol | QueryFunction<PaginatedResponse<{ id: string; projectId: string; clientId: string; format: "txt" | "docx"; path: string; createdAt: string; status: "draft" | "ready" | "delivered"; deliveredAt?: string | undefined; proofUrl?: string | undefined; proofNotes?: string | undefined; runId?: string | undef...'.
      Type '() => Promise<{ id: string; projectId: string; clientId: string; format: "txt" | "docx"; path: string; createdAt: string; status: "draft" | "ready" | "delivered"; deliveredAt?: string | undefined; proofUrl?: string | undefined; proofNotes?: string | undefined; runId?: string | undefined; checksum?: string | undefine...' is not assignable to type 'QueryFunction<PaginatedResponse<{ id: string; projectId: string; clientId: string; format: "txt" | "docx"; path: string; createdAt: string; status: "draft" | "ready" | "delivered"; deliveredAt?: string | undefined; proofUrl?: string | undefined; proofNotes?: string | undefined; runId?: string | undefined; checksum?:...'.
        Type 'Promise<{ id: string; projectId: string; clientId: string; format: "txt" | "docx"; path: string; createdAt: string; status: "draft" | "ready" | "delivered"; deliveredAt?: string | undefined; proofUrl?: string | undefined; proofNotes?: string | undefined; runId?: string | undefined; checksum?: string | undefined; }[]>' is not assignable to type 'PaginatedResponse<{ id: string; projectId: string; clientId: string; format: "txt" | "docx"; path: string; createdAt: string; status: "draft" | "ready" | "delivered"; deliveredAt?: string | undefined; proofUrl?: string | undefined; proofNotes?: string | undefined; runId?: string | undefined; checksum?: string | unde...'.
          Type 'Promise<{ id: string; projectId: string; clientId: string; format: "txt" | "docx"; path: string; createdAt: string; status: "draft" | "ready" | "delivered"; deliveredAt?: string | undefined; proofUrl?: string | undefined; proofNotes?: string | undefined; runId?: string | undefined; checksum?: string | undefined; }[]>' is not assignable to type 'Promise<PaginatedResponse<{ id: string; projectId: string; clientId: string; format: "txt" | "docx"; path: string; createdAt: string; status: "draft" | "ready" | "delivered"; deliveredAt?: string | undefined; proofUrl?: string | undefined; proofNotes?: string | undefined; runId?: string | undefined; checksum?: strin...'.
            Type '{ id: string; projectId: string; clientId: string; format: "txt" | "docx"; path: string; createdAt: string; status: "draft" | "ready" | "delivered"; deliveredAt?: string | undefined; proofUrl?: string | undefined; proofNotes?: string | undefined; runId?: string | undefined; checksum?: string | undefined; }[]' is missing the following properties from type 'PaginatedResponse<{ id: string; projectId: string; clientId: string; format: "txt" | "docx"; path: string; createdAt: string; status: "draft" | "ready" | "delivered"; deliveredAt?: string | undefined; proofUrl?: string | undefined; proofNotes?: string | undefined; runId?: string | undefined; checksum?: string | unde...': items, metadata

80     queryFn: () => deliverablesApi.list({}),
       ~~~~~~~

  node_modules/@tanstack/react-query/build/modern/queryOptions.d.ts:12:5
    12     queryFn?: QueryFunction<TQueryFnData, TQueryKey>;
           ~~~~~~~
    The expected type comes from property 'queryFn' which is declared here on type 'DefinedInitialDataOptions<PaginatedResponse<{ id: string; projectId: string; clientId: string; format: "txt" | "docx"; path: string; createdAt: string; status: "draft" | "ready" | "delivered"; deliveredAt?: string | undefined; proofUrl?: string | undefined; proofNotes?: string | undefined; runId?: string | undefined...'
  node_modules/@tanstack/query-core/build/modern/hydration-DksKBgQq.d.ts:614:5
    614     queryFn?: QueryFunction<TQueryFnData, TQueryKey, TPageParam> | SkipToken;
            ~~~~~~~
    The expected type comes from property 'queryFn' which is declared here on type 'UndefinedInitialDataOptions<PaginatedResponse<{ id: string; projectId: string; clientId: string; format: "txt" | "docx"; path: string; createdAt: string; status: "draft" | "ready" | "delivered"; deliveredAt?: string | undefined; proofUrl?: string | undefined; proofNotes?: string | undefined; runId?: string | undefin...'
  node_modules/@tanstack/query-core/build/modern/hydration-DksKBgQq.d.ts:614:5
    614     queryFn?: QueryFunction<TQueryFnData, TQueryKey, TPageParam> | SkipToken;
            ~~~~~~~
    The expected type comes from property 'queryFn' which is declared here on type 'UseQueryOptions<PaginatedResponse<{ id: string; projectId: string; clientId: string; format: "txt" | "docx"; path: string; createdAt: string; status: "draft" | "ready" | "delivered"; deliveredAt?: string | undefined; proofUrl?: string | undefined; proofNotes?: string | undefined; runId?: string | undefined; checksum...'

src/pages/Overview.tsx:85:5 - error TS2769: No overload matches this call.
  Overload 1 of 3, '(options: DefinedInitialDataOptions<PaginatedResponse<{ id: string; projectId: string; startedAt: string; isBatch?: boolean | undefined; params?: Record<string, any> | undefined; completedAt?: string | undefined; logs?: string[] | undefined; status?: "pending" | ... 3 more ... | undefined; }>, Error, PaginatedResponse<...>, readonly unknown[]>, queryClient?: QueryClient | undefined): DefinedUseQueryResult<...>', gave the following error.
    Type '() => Promise<{ id: string; projectId: string; startedAt: string; isBatch?: boolean | undefined; params?: Record<string, any> | undefined; completedAt?: string | undefined; logs?: string[] | undefined; status?: "pending" | ... 3 more ... | undefined; }[]>' is not assignable to type 'QueryFunction<PaginatedResponse<{ id: string; projectId: string; startedAt: string; isBatch?: boolean | undefined; params?: Record<string, any> | undefined; completedAt?: string | undefined; logs?: string[] | undefined; status?: "pending" | ... 3 more ... | undefined; }>, readonly unknown[]>'.
      Type 'Promise<{ id: string; projectId: string; startedAt: string; isBatch?: boolean | undefined; params?: Record<string, any> | undefined; completedAt?: string | undefined; logs?: string[] | undefined; status?: "pending" | ... 3 more ... | undefined; }[]>' is not assignable to type 'PaginatedResponse<{ id: string; projectId: string; startedAt: string; isBatch?: boolean | undefined; params?: Record<string, any> | undefined; completedAt?: string | undefined; logs?: string[] | undefined; status?: "pending" | ... 3 more ... | undefined; }> | Promise<...>'.
        Type 'Promise<{ id: string; projectId: string; startedAt: string; isBatch?: boolean | undefined; params?: Record<string, any> | undefined; completedAt?: string | undefined; logs?: string[] | undefined; status?: "pending" | ... 3 more ... | undefined; }[]>' is not assignable to type 'Promise<PaginatedResponse<{ id: string; projectId: string; startedAt: string; isBatch?: boolean | undefined; params?: Record<string, any> | undefined; completedAt?: string | undefined; logs?: string[] | undefined; status?: "pending" | ... 3 more ... | undefined; }>>'.
          Type '{ id: string; projectId: string; startedAt: string; isBatch?: boolean | undefined; params?: Record<string, any> | undefined; completedAt?: string | undefined; logs?: string[] | undefined; status?: "pending" | ... 3 more ... | undefined; }[]' is missing the following properties from type 'PaginatedResponse<{ id: string; projectId: string; startedAt: string; isBatch?: boolean | undefined; params?: Record<string, any> | undefined; completedAt?: string | undefined; logs?: string[] | undefined; status?: "pending" | ... 3 more ... | undefined; }>': items, metadata
  Overload 2 of 3, '(options: UndefinedInitialDataOptions<PaginatedResponse<{ id: string; projectId: string; startedAt: string; isBatch?: boolean | undefined; params?: Record<string, any> | undefined; completedAt?: string | undefined; logs?: string[] | undefined; status?: "pending" | ... 3 more ... | undefined; }>, Error, PaginatedResponse<...>, readonly unknown[]>, queryClient?: QueryClient | undefined): UseQueryResult<...>', gave the following error.
    Type '() => Promise<{ id: string; projectId: string; startedAt: string; isBatch?: boolean | undefined; params?: Record<string, any> | undefined; completedAt?: string | undefined; logs?: string[] | undefined; status?: "pending" | ... 3 more ... | undefined; }[]>' is not assignable to type 'unique symbol | QueryFunction<PaginatedResponse<{ id: string; projectId: string; startedAt: string; isBatch?: boolean | undefined; params?: Record<string, any> | undefined; completedAt?: string | undefined; logs?: string[] | undefined; status?: "pending" | ... 3 more ... | undefined; }>, readonly unknown[], never> |...'.
      Type '() => Promise<{ id: string; projectId: string; startedAt: string; isBatch?: boolean | undefined; params?: Record<string, any> | undefined; completedAt?: string | undefined; logs?: string[] | undefined; status?: "pending" | ... 3 more ... | undefined; }[]>' is not assignable to type 'QueryFunction<PaginatedResponse<{ id: string; projectId: string; startedAt: string; isBatch?: boolean | undefined; params?: Record<string, any> | undefined; completedAt?: string | undefined; logs?: string[] | undefined; status?: "pending" | ... 3 more ... | undefined; }>, readonly unknown[], never>'.
        Type 'Promise<{ id: string; projectId: string; startedAt: string; isBatch?: boolean | undefined; params?: Record<string, any> | undefined; completedAt?: string | undefined; logs?: string[] | undefined; status?: "pending" | ... 3 more ... | undefined; }[]>' is not assignable to type 'PaginatedResponse<{ id: string; projectId: string; startedAt: string; isBatch?: boolean | undefined; params?: Record<string, any> | undefined; completedAt?: string | undefined; logs?: string[] | undefined; status?: "pending" | ... 3 more ... | undefined; }> | Promise<...>'.
          Type 'Promise<{ id: string; projectId: string; startedAt: string; isBatch?: boolean | undefined; params?: Record<string, any> | undefined; completedAt?: string | undefined; logs?: string[] | undefined; status?: "pending" | ... 3 more ... | undefined; }[]>' is not assignable to type 'Promise<PaginatedResponse<{ id: string; projectId: string; startedAt: string; isBatch?: boolean | undefined; params?: Record<string, any> | undefined; completedAt?: string | undefined; logs?: string[] | undefined; status?: "pending" | ... 3 more ... | undefined; }>>'.
            Type '{ id: string; projectId: string; startedAt: string; isBatch?: boolean | undefined; params?: Record<string, any> | undefined; completedAt?: string | undefined; logs?: string[] | undefined; status?: "pending" | ... 3 more ... | undefined; }[]' is missing the following properties from type 'PaginatedResponse<{ id: string; projectId: string; startedAt: string; isBatch?: boolean | undefined; params?: Record<string, any> | undefined; completedAt?: string | undefined; logs?: string[] | undefined; status?: "pending" | ... 3 more ... | undefined; }>': items, metadata
  Overload 3 of 3, '(options: UseQueryOptions<PaginatedResponse<{ id: string; projectId: string; startedAt: string; isBatch?: boolean | undefined; params?: Record<string, any> | undefined; completedAt?: string | undefined; logs?: string[] | undefined; status?: "pending" | ... 3 more ... | undefined; }>, Error, PaginatedResponse<...>, readonly unknown[]>, queryClient?: QueryClient | undefined): UseQueryResult<...>', gave the following error.
    Type '() => Promise<{ id: string; projectId: string; startedAt: string; isBatch?: boolean | undefined; params?: Record<string, any> | undefined; completedAt?: string | undefined; logs?: string[] | undefined; status?: "pending" | ... 3 more ... | undefined; }[]>' is not assignable to type 'unique symbol | QueryFunction<PaginatedResponse<{ id: string; projectId: string; startedAt: string; isBatch?: boolean | undefined; params?: Record<string, any> | undefined; completedAt?: string | undefined; logs?: string[] | undefined; status?: "pending" | ... 3 more ... | undefined; }>, readonly unknown[], never> |...'.
      Type '() => Promise<{ id: string; projectId: string; startedAt: string; isBatch?: boolean | undefined; params?: Record<string, any> | undefined; completedAt?: string | undefined; logs?: string[] | undefined; status?: "pending" | ... 3 more ... | undefined; }[]>' is not assignable to type 'QueryFunction<PaginatedResponse<{ id: string; projectId: string; startedAt: string; isBatch?: boolean | undefined; params?: Record<string, any> | undefined; completedAt?: string | undefined; logs?: string[] | undefined; status?: "pending" | ... 3 more ... | undefined; }>, readonly unknown[], never>'.
        Type 'Promise<{ id: string; projectId: string; startedAt: string; isBatch?: boolean | undefined; params?: Record<string, any> | undefined; completedAt?: string | undefined; logs?: string[] | undefined; status?: "pending" | ... 3 more ... | undefined; }[]>' is not assignable to type 'PaginatedResponse<{ id: string; projectId: string; startedAt: string; isBatch?: boolean | undefined; params?: Record<string, any> | undefined; completedAt?: string | undefined; logs?: string[] | undefined; status?: "pending" | ... 3 more ... | undefined; }> | Promise<...>'.
          Type 'Promise<{ id: string; projectId: string; startedAt: string; isBatch?: boolean | undefined; params?: Record<string, any> | undefined; completedAt?: string | undefined; logs?: string[] | undefined; status?: "pending" | ... 3 more ... | undefined; }[]>' is not assignable to type 'Promise<PaginatedResponse<{ id: string; projectId: string; startedAt: string; isBatch?: boolean | undefined; params?: Record<string, any> | undefined; completedAt?: string | undefined; logs?: string[] | undefined; status?: "pending" | ... 3 more ... | undefined; }>>'.
            Type '{ id: string; projectId: string; startedAt: string; isBatch?: boolean | undefined; params?: Record<string, any> | undefined; completedAt?: string | undefined; logs?: string[] | undefined; status?: "pending" | ... 3 more ... | undefined; }[]' is missing the following properties from type 'PaginatedResponse<{ id: string; projectId: string; startedAt: string; isBatch?: boolean | undefined; params?: Record<string, any> | undefined; completedAt?: string | undefined; logs?: string[] | undefined; status?: "pending" | ... 3 more ... | undefined; }>': items, metadata

85     queryFn: () => runsApi.list({}),
       ~~~~~~~

  node_modules/@tanstack/react-query/build/modern/queryOptions.d.ts:12:5
    12     queryFn?: QueryFunction<TQueryFnData, TQueryKey>;
           ~~~~~~~
    The expected type comes from property 'queryFn' which is declared here on type 'DefinedInitialDataOptions<PaginatedResponse<{ id: string; projectId: string; startedAt: string; isBatch?: boolean | undefined; params?: Record<string, any> | undefined; completedAt?: string | undefined; logs?: string[] | undefined; status?: "pending" | ... 3 more ... | undefined; }>, Error, PaginatedResponse<...>, r...'
  node_modules/@tanstack/query-core/build/modern/hydration-DksKBgQq.d.ts:614:5
    614     queryFn?: QueryFunction<TQueryFnData, TQueryKey, TPageParam> | SkipToken;
            ~~~~~~~
    The expected type comes from property 'queryFn' which is declared here on type 'UndefinedInitialDataOptions<PaginatedResponse<{ id: string; projectId: string; startedAt: string; isBatch?: boolean | undefined; params?: Record<string, any> | undefined; completedAt?: string | undefined; logs?: string[] | undefined; status?: "pending" | ... 3 more ... | undefined; }>, Error, PaginatedResponse<...>,...'
  node_modules/@tanstack/query-core/build/modern/hydration-DksKBgQq.d.ts:614:5
    614     queryFn?: QueryFunction<TQueryFnData, TQueryKey, TPageParam> | SkipToken;
            ~~~~~~~
    The expected type comes from property 'queryFn' which is declared here on type 'UseQueryOptions<PaginatedResponse<{ id: string; projectId: string; startedAt: string; isBatch?: boolean | undefined; params?: Record<string, any> | undefined; completedAt?: string | undefined; logs?: string[] | undefined; status?: "pending" | ... 3 more ... | undefined; }>, Error, PaginatedResponse<...>, readonly un...'

src/pages/Overview.tsx:94:9 - error TS2451: Cannot redeclare block-scoped variable 'projects'.

94   const projects: Project[] = projectsResponse?.items ?? [];
           ~~~~~~~~

src/pages/Overview.tsx:95:61 - error TS2339: Property 'items' does not exist on type 'NonNullable<NoInfer<TQueryFnData>>'.

95   const deliverables: Deliverable[] = deliverablesResponse?.items ?? [];
                                                               ~~~~~

src/pages/Overview.tsx:96:37 - error TS2339: Property 'items' does not exist on type 'NonNullable<NoInfer<TQueryFnData>>'.

96   const runs: Run[] = runsResponse?.items ?? [];
                                       ~~~~~
